<?xml version="1.0" encoding="UTF-8"?>
<testng-results skipped="0" failed="0" ignored="0" total="3" passed="3">
  <reporter-output>
  </reporter-output>
  <suite name="Surefire suite" duration-ms="40415" started-at="2019-05-07T17:03:22 EEST" finished-at="2019-05-07T17:04:02 EEST">
    <groups>
    </groups>
    <test name="Surefire test" duration-ms="40415" started-at="2019-05-07T17:03:22 EEST" finished-at="2019-05-07T17:04:02 EEST">
      <class name="MainPageTest">
        <test-method status="PASS" signature="setup()[pri:0, instance:MainPageTest@749c877b]" name="setup" is-config="true" duration-ms="7718" started-at="2019-05-07T17:03:22 EEST" finished-at="2019-05-07T17:03:30 EEST">
          <reporter-output>
          </reporter-output>
        </test-method> <!-- setup -->
        <test-method status="PASS" signature="startUp()[pri:0, instance:MainPageTest@749c877b]" name="startUp" is-config="true" duration-ms="35" started-at="2019-05-07T17:03:30 EEST" finished-at="2019-05-07T17:03:30 EEST">
          <reporter-output>
          </reporter-output>
        </test-method> <!-- startUp -->
        <test-method status="PASS" signature="AccountCreation()[pri:0, instance:MainPageTest@749c877b]" name="AccountCreation" duration-ms="9271" started-at="2019-05-07T17:03:30 EEST" description="Create Account" finished-at="2019-05-07T17:03:39 EEST">
          <reporter-output>
          </reporter-output>
        </test-method> <!-- AccountCreation -->
        <test-method status="PASS" signature="closeDown()[pri:0, instance:MainPageTest@749c877b]" name="closeDown" is-config="true" duration-ms="92" started-at="2019-05-07T17:03:39 EEST" finished-at="2019-05-07T17:03:39 EEST">
          <reporter-output>
          </reporter-output>
        </test-method> <!-- closeDown -->
        <test-method status="PASS" signature="setup()[pri:0, instance:MainPageTest@749c877b]" name="setup" is-config="true" duration-ms="6046" started-at="2019-05-07T17:03:39 EEST" finished-at="2019-05-07T17:03:45 EEST">
          <reporter-output>
          </reporter-output>
        </test-method> <!-- setup -->
        <test-method status="PASS" signature="startUp()[pri:0, instance:MainPageTest@749c877b]" name="startUp" is-config="true" duration-ms="2" started-at="2019-05-07T17:03:45 EEST" finished-at="2019-05-07T17:03:45 EEST">
          <reporter-output>
          </reporter-output>
        </test-method> <!-- startUp -->
        <test-method status="PASS" signature="AccountRegistrationBtnClicked()[pri:0, instance:MainPageTest@749c877b]" name="AccountRegistrationBtnClicked" duration-ms="5410" started-at="2019-05-07T17:03:45 EEST" description="Click create Account Button " finished-at="2019-05-07T17:03:51 EEST">
          <reporter-output>
          </reporter-output>
        </test-method> <!-- AccountRegistrationBtnClicked -->
        <test-method status="PASS" signature="closeDown()[pri:0, instance:MainPageTest@749c877b]" name="closeDown" is-config="true" duration-ms="79" started-at="2019-05-07T17:03:51 EEST" finished-at="2019-05-07T17:03:51 EEST">
          <reporter-output>
          </reporter-output>
        </test-method> <!-- closeDown -->
        <test-method status="PASS" signature="setup()[pri:0, instance:MainPageTest@749c877b]" name="setup" is-config="true" duration-ms="5930" started-at="2019-05-07T17:03:51 EEST" finished-at="2019-05-07T17:03:57 EEST">
          <reporter-output>
          </reporter-output>
        </test-method> <!-- setup -->
        <test-method status="PASS" signature="startUp()[pri:0, instance:MainPageTest@749c877b]" name="startUp" is-config="true" duration-ms="1" started-at="2019-05-07T17:03:57 EEST" finished-at="2019-05-07T17:03:57 EEST">
          <reporter-output>
          </reporter-output>
        </test-method> <!-- startUp -->
        <test-method status="PASS" signature="AccountRegistrationOpenPopUp()[pri:0, instance:MainPageTest@749c877b]" name="AccountRegistrationOpenPopUp" duration-ms="5444" started-at="2019-05-07T17:03:57 EEST" description="create Account Button - Open Pop-up window" finished-at="2019-05-07T17:04:02 EEST">
          <reporter-output>
          </reporter-output>
        </test-method> <!-- AccountRegistrationOpenPopUp -->
        <test-method status="PASS" signature="closeDown()[pri:0, instance:MainPageTest@749c877b]" name="closeDown" is-config="true" duration-ms="74" started-at="2019-05-07T17:04:02 EEST" finished-at="2019-05-07T17:04:02 EEST">
          <reporter-output>
          </reporter-output>
        </test-method> <!-- closeDown -->
      </class> <!-- MainPageTest -->
    </test> <!-- Surefire test -->
  </suite> <!-- Surefire suite -->
</testng-results>
